# JRE version: OpenJDK Runtime Environment (8.0_242-b01) (build 1.8.0_242-release-1644-b01)
# Java VM: OpenJDK 64-Bit Server VM (25.242-b01 mixed mode windows-amd64 compressed oops)
Heap:
 PSYoungGen      total 126464K, used 7114K [0x00000000f5580000, 0x00000000fdf00000, 0x0000000100000000)
  eden space 114176K, 6% used [0x00000000f5580000,0x00000000f5c72a80,0x00000000fc500000)
  from space 12288K, 0% used [0x00000000fc500000,0x00000000fc500000,0x00000000fd100000)
  to   space 12800K, 0% used [0x00000000fd100000,0x00000000fd100000,0x00000000fdd80000)
 ParOldGen       total 175104K, used 16199K [0x00000000e0000000, 0x00000000eab00000, 0x00000000f5580000)
  object space 175104K, 9% used [0x00000000e0000000,0x00000000e0fd1e80,0x00000000eab00000)
 Metaspace       used 34587K, capacity 35518K, committed 35840K, reserved 1079296K
  class space    used 4737K, capacity 4990K, committed 5120K, reserved 1048576K
GC Heap History (10 events):
Event: 3.147 GC heap before
{Heap before GC invocations=5 (full 1):
 PSYoungGen      total 76288K, used 7687K [0x00000000f5580000, 0x00000000fea80000, 0x0000000100000000)
  eden space 65536K, 0% used [0x00000000f5580000,0x00000000f5580000,0x00000000f9580000)
  from space 10752K, 71% used [0x00000000fa000000,0x00000000fa781ca0,0x00000000faa80000)
  to   space 10752K, 0% used [0x00000000f9580000,0x00000000f9580000,0x00000000fa000000)
 ParOldGen       total 175104K, used 1249K [0x00000000e0000000, 0x00000000eab00000, 0x00000000f5580000)
  object space 175104K, 0% used [0x00000000e0000000,0x00000000e01387b0,0x00000000eab00000)
 Metaspace       used 20599K, capacity 21120K, committed 21296K, reserved 1067008K
  class space    used 2963K, capacity 3134K, committed 3200K, reserved 1048576K
Event: 3.184 GC heap after
Heap after GC invocations=5 (full 1):
 PSYoungGen      total 76288K, used 0K [0x00000000f5580000, 0x00000000fea80000, 0x0000000100000000)
  eden space 65536K, 0% used [0x00000000f5580000,0x00000000f5580000,0x00000000f9580000)
  from space 10752K, 0% used [0x00000000fa000000,0x00000000fa000000,0x00000000faa80000)
  to   space 10752K, 0% used [0x00000000f9580000,0x00000000f9580000,0x00000000fa000000)
 ParOldGen       total 175104K, used 7546K [0x00000000e0000000, 0x00000000eab00000, 0x00000000f5580000)
  object space 175104K, 4% used [0x00000000e0000000,0x00000000e075ebf0,0x00000000eab00000)
 Metaspace       used 20599K, capacity 21120K, committed 21296K, reserved 1067008K
  class space    used 2963K, capacity 3134K, committed 3200K, reserved 1048576K
}
Event: 4.580 GC heap before
{Heap before GC invocations=6 (full 1):
 PSYoungGen      total 76288K, used 65536K [0x00000000f5580000, 0x00000000fea80000, 0x0000000100000000)
  eden space 65536K, 100% used [0x00000000f5580000,0x00000000f9580000,0x00000000f9580000)
  from space 10752K, 0% used [0x00000000fa000000,0x00000000fa000000,0x00000000faa80000)
  to   space 10752K, 0% used [0x00000000f9580000,0x00000000f9580000,0x00000000fa000000)
 ParOldGen       total 175104K, used 7546K [0x00000000e0000000, 0x00000000eab00000, 0x00000000f5580000)
  object space 175104K, 4% used [0x00000000e0000000,0x00000000e075ebf0,0x00000000eab00000)
 Metaspace       used 29165K, capacity 29782K, committed 30080K, reserved 1075200K
  class space    used 3929K, capacity 4136K, committed 4224K, reserved 1048576K
Event: 4.588 GC heap after
Heap after GC invocations=6 (full 1):
 PSYoungGen      total 76288K, used 8239K [0x00000000f5580000, 0x00000000fdd80000, 0x0000000100000000)
  eden space 65536K, 0% used [0x00000000f5580000,0x00000000f5580000,0x00000000f9580000)
  from space 10752K, 76% used [0x00000000f9580000,0x00000000f9d8bd78,0x00000000fa000000)
  to   space 12800K, 0% used [0x00000000fd100000,0x00000000fd100000,0x00000000fdd80000)
 ParOldGen       total 175104K, used 7554K [0x00000000e0000000, 0x00000000eab00000, 0x00000000f5580000)
  object space 175104K, 4% used [0x00000000e0000000,0x00000000e0760bf0,0x00000000eab00000)
 Metaspace       used 29165K, capacity 29782K, committed 30080K, reserved 1075200K
  class space    used 3929K, capacity 4136K, committed 4224K, reserved 1048576K
}
Event: 5.442 GC heap before
{Heap before GC invocations=7 (full 1):
 PSYoungGen      total 76288K, used 73775K [0x00000000f5580000, 0x00000000fdd80000, 0x0000000100000000)
  eden space 65536K, 100% used [0x00000000f5580000,0x00000000f9580000,0x00000000f9580000)
  from space 10752K, 76% used [0x00000000f9580000,0x00000000f9d8bd78,0x00000000fa000000)
  to   space 12800K, 0% used [0x00000000fd100000,0x00000000fd100000,0x00000000fdd80000)
 ParOldGen       total 175104K, used 7554K [0x00000000e0000000, 0x00000000eab00000, 0x00000000f5580000)
  object space 175104K, 4% used [0x00000000e0000000,0x00000000e0760bf0,0x00000000eab00000)
 Metaspace       used 31973K, capacity 32634K, committed 33024K, reserved 1077248K
  class space    used 4381K, capacity 4596K, committed 4608K, reserved 1048576K
Event: 5.499 GC heap after
Heap after GC invocations=7 (full 1):
 PSYoungGen      total 126976K, used 8445K [0x00000000f5580000, 0x00000000fdf00000, 0x0000000100000000)
  eden space 114176K, 0% used [0x00000000f5580000,0x00000000f5580000,0x00000000fc500000)
  from space 12800K, 65% used [0x00000000fd100000,0x00000000fd93f6f0,0x00000000fdd80000)
  to   space 12288K, 0% used [0x00000000fc500000,0x00000000fc500000,0x00000000fd100000)
 ParOldGen       total 175104K, used 7562K [0x00000000e0000000, 0x00000000eab00000, 0x00000000f5580000)
  object space 175104K, 4% used [0x00000000e0000000,0x00000000e0762bf0,0x00000000eab00000)
 Metaspace       used 31973K, capacity 32634K, committed 33024K, reserved 1077248K
  class space    used 4381K, capacity 4596K, committed 4608K, reserved 1048576K
}
Event: 6.428 GC heap before
{Heap before GC invocations=8 (full 1):
 PSYoungGen      total 126976K, used 60041K [0x00000000f5580000, 0x00000000fdf00000, 0x0000000100000000)
  eden space 114176K, 45% used [0x00000000f5580000,0x00000000f87e30e8,0x00000000fc500000)
  from space 12800K, 65% used [0x00000000fd100000,0x00000000fd93f6f0,0x00000000fdd80000)
  to   space 12288K, 0% used [0x00000000fc500000,0x00000000fc500000,0x00000000fd100000)
 ParOldGen       total 175104K, used 7562K [0x00000000e0000000, 0x00000000eab00000, 0x00000000f5580000)
  object space 175104K, 4% used [0x00000000e0000000,0x00000000e0762bf0,0x00000000eab00000)
 Metaspace       used 34492K, capacity 35364K, committed 35456K, reserved 1079296K
  class space    used 4726K, capacity 4957K, committed 4992K, reserved 1048576K
Event: 6.444 GC heap after
Heap after GC invocations=8 (full 1):
 PSYoungGen      total 126464K, used 9395K [0x00000000f5580000, 0x00000000fdf00000, 0x0000000100000000)
  eden space 114176K, 0% used [0x00000000f5580000,0x00000000f5580000,0x00000000fc500000)
  from space 12288K, 76% used [0x00000000fc500000,0x00000000fce2cc48,0x00000000fd100000)
  to   space 12800K, 0% used [0x00000000fd100000,0x00000000fd100000,0x00000000fdd80000)
 ParOldGen       total 175104K, used 7570K [0x00000000e0000000, 0x00000000eab00000, 0x00000000f5580000)
  object space 175104K, 4% used [0x00000000e0000000,0x00000000e0764bf0,0x00000000eab00000)
 Metaspace       used 34492K, capacity 35364K, committed 35456K, reserved 1079296K
  class space    used 4726K, capacity 4957K, committed 4992K, reserved 1048576K
}
Event: 6.444 GC heap before
{Heap before GC invocations=9 (full 2):
 PSYoungGen      total 126464K, used 9395K [0x00000000f5580000, 0x00000000fdf00000, 0x0000000100000000)
  eden space 114176K, 0% used [0x00000000f5580000,0x00000000f5580000,0x00000000fc500000)
  from space 12288K, 76% used [0x00000000fc500000,0x00000000fce2cc48,0x00000000fd100000)
  to   space 12800K, 0% used [0x00000000fd100000,0x00000000fd100000,0x00000000fdd80000)
 ParOldGen       total 175104K, used 7570K [0x00000000e0000000, 0x00000000eab00000, 0x00000000f5580000)
  object space 175104K, 4% used [0x00000000e0000000,0x00000000e0764bf0,0x00000000eab00000)
 Metaspace       used 34492K, capacity 35364K, committed 35456K, reserved 1079296K
  class space    used 4726K, capacity 4957K, committed 4992K, reserved 1048576K
Event: 6.504 GC heap after
Heap after GC invocations=9 (full 2):
 PSYoungGen      total 126464K, used 0K [0x00000000f5580000, 0x00000000fdf00000, 0x0000000100000000)
  eden space 114176K, 0% used [0x00000000f5580000,0x00000000f5580000,0x00000000fc500000)
  from space 12288K, 0% used [0x00000000fc500000,0x00000000fc500000,0x00000000fd100000)
  to   space 12800K, 0% used [0x00000000fd100000,0x00000000fd100000,0x00000000fdd80000)
 ParOldGen       total 175104K, used 16199K [0x00000000e0000000, 0x00000000eab00000, 0x00000000f5580000)
  object space 175104K, 9% used [0x00000000e0000000,0x00000000e0fd1e80,0x00000000eab00000)
 Metaspace       used 34487K, capacity 35346K, committed 35456K, reserved 1079296K
  class space    used 4724K, capacity 4954K, committed 4992K, reserved 1048576K
}

