# JRE version: OpenJDK Runtime Environment (8.0_242-b01) (build 1.8.0_242-release-1644-b01)
# Java VM: OpenJDK 64-Bit Server VM (25.242-b01 mixed mode windows-amd64 compressed oops)
Heap:
 PSYoungGen      total 131072K, used 110002K [0x00000000f5580000, 0x0000000100000000, 0x0000000100000000)
  eden space 89600K, 76% used [0x00000000f5580000,0x00000000f9871640,0x00000000fad00000)
  from space 41472K, 99% used [0x00000000fad00000,0x00000000fd57b490,0x00000000fd580000)
  to   space 43520K, 0% used [0x00000000fd580000,0x00000000fd580000,0x0000000100000000)
 ParOldGen       total 175104K, used 86428K [0x00000000e0000000, 0x00000000eab00000, 0x00000000f5580000)
  object space 175104K, 49% used [0x00000000e0000000,0x00000000e5467190,0x00000000eab00000)
 Metaspace       used 86872K, capacity 90916K, committed 91008K, reserved 1128448K
  class space    used 11501K, capacity 12365K, committed 12416K, reserved 1048576K
GC Heap History (10 events):
Event: 217.517 GC heap before
{Heap before GC invocations=20 (full 3):
 PSYoungGen      total 136192K, used 136178K [0x00000000f5580000, 0x00000000ffd80000, 0x0000000100000000)
  eden space 113152K, 100% used [0x00000000f5580000,0x00000000fc400000,0x00000000fc400000)
  from space 23040K, 99% used [0x00000000fdf80000,0x00000000ff5fc990,0x00000000ff600000)
  to   space 28160K, 0% used [0x00000000fc400000,0x00000000fc400000,0x00000000fdf80000)
 ParOldGen       total 175104K, used 39867K [0x00000000e0000000, 0x00000000eab00000, 0x00000000f5580000)
  object space 175104K, 22% used [0x00000000e0000000,0x00000000e26eec98,0x00000000eab00000)
 Metaspace       used 84700K, capacity 88462K, committed 88704K, reserved 1126400K
  class space    used 11349K, capacity 12150K, committed 12160K, reserved 1048576K
Event: 217.569 GC heap after
Heap after GC invocations=20 (full 3):
 PSYoungGen      total 141312K, used 28151K [0x00000000f5580000, 0x0000000100000000, 0x0000000100000000)
  eden space 113152K, 0% used [0x00000000f5580000,0x00000000f5580000,0x00000000fc400000)
  from space 28160K, 99% used [0x00000000fc400000,0x00000000fdf7dd08,0x00000000fdf80000)
  to   space 33280K, 0% used [0x00000000fdf80000,0x00000000fdf80000,0x0000000100000000)
 ParOldGen       total 175104K, used 67782K [0x00000000e0000000, 0x00000000eab00000, 0x00000000f5580000)
  object space 175104K, 38% used [0x00000000e0000000,0x00000000e4231a58,0x00000000eab00000)
 Metaspace       used 84700K, capacity 88462K, committed 88704K, reserved 1126400K
  class space    used 11349K, capacity 12150K, committed 12160K, reserved 1048576K
}
Event: 5193.187 GC heap before
{Heap before GC invocations=21 (full 3):
 PSYoungGen      total 141312K, used 141303K [0x00000000f5580000, 0x0000000100000000, 0x0000000100000000)
  eden space 113152K, 100% used [0x00000000f5580000,0x00000000fc400000,0x00000000fc400000)
  from space 28160K, 99% used [0x00000000fc400000,0x00000000fdf7dd08,0x00000000fdf80000)
  to   space 33280K, 0% used [0x00000000fdf80000,0x00000000fdf80000,0x0000000100000000)
 ParOldGen       total 175104K, used 67782K [0x00000000e0000000, 0x00000000eab00000, 0x00000000f5580000)
  object space 175104K, 38% used [0x00000000e0000000,0x00000000e4231a58,0x00000000eab00000)
 Metaspace       used 85187K, capacity 88870K, committed 88960K, reserved 1126400K
  class space    used 11354K, capacity 12154K, committed 12160K, reserved 1048576K
Event: 5193.356 GC heap after
Heap after GC invocations=21 (full 3):
 PSYoungGen      total 126976K, used 14910K [0x00000000f5580000, 0x0000000100000000, 0x0000000100000000)
  eden space 93696K, 0% used [0x00000000f5580000,0x00000000f5580000,0x00000000fb100000)
  from space 33280K, 44% used [0x00000000fdf80000,0x00000000fee0fa60,0x0000000100000000)
  to   space 40448K, 0% used [0x00000000fb100000,0x00000000fb100000,0x00000000fd880000)
 ParOldGen       total 175104K, used 74886K [0x00000000e0000000, 0x00000000eab00000, 0x00000000f5580000)
  object space 175104K, 42% used [0x00000000e0000000,0x00000000e4921b68,0x00000000eab00000)
 Metaspace       used 85187K, capacity 88870K, committed 88960K, reserved 1126400K
  class space    used 11354K, capacity 12154K, committed 12160K, reserved 1048576K
}
Event: 6541.746 GC heap before
{Heap before GC invocations=22 (full 3):
 PSYoungGen      total 126976K, used 108606K [0x00000000f5580000, 0x0000000100000000, 0x0000000100000000)
  eden space 93696K, 100% used [0x00000000f5580000,0x00000000fb100000,0x00000000fb100000)
  from space 33280K, 44% used [0x00000000fdf80000,0x00000000fee0fa60,0x0000000100000000)
  to   space 40448K, 0% used [0x00000000fb100000,0x00000000fb100000,0x00000000fd880000)
 ParOldGen       total 175104K, used 74886K [0x00000000e0000000, 0x00000000eab00000, 0x00000000f5580000)
  object space 175104K, 42% used [0x00000000e0000000,0x00000000e4921b68,0x00000000eab00000)
 Metaspace       used 85506K, capacity 89354K, committed 89600K, reserved 1126400K
  class space    used 11384K, capacity 12210K, committed 12288K, reserved 1048576K
Event: 6541.791 GC heap after
Heap after GC invocations=22 (full 3):
 PSYoungGen      total 112128K, used 19757K [0x00000000f5580000, 0x00000000ffb80000, 0x0000000100000000)
  eden space 92160K, 0% used [0x00000000f5580000,0x00000000f5580000,0x00000000faf80000)
  from space 19968K, 98% used [0x00000000fb100000,0x00000000fc44b488,0x00000000fc480000)
  to   space 38912K, 0% used [0x00000000fd580000,0x00000000fd580000,0x00000000ffb80000)
 ParOldGen       total 175104K, used 74894K [0x00000000e0000000, 0x00000000eab00000, 0x00000000f5580000)
  object space 175104K, 42% used [0x00000000e0000000,0x00000000e4923b68,0x00000000eab00000)
 Metaspace       used 85506K, capacity 89354K, committed 89600K, reserved 1126400K
  class space    used 11384K, capacity 12210K, committed 12288K, reserved 1048576K
}
Event: 6565.120 GC heap before
{Heap before GC invocations=23 (full 3):
 PSYoungGen      total 112128K, used 111917K [0x00000000f5580000, 0x00000000ffb80000, 0x0000000100000000)
  eden space 92160K, 100% used [0x00000000f5580000,0x00000000faf80000,0x00000000faf80000)
  from space 19968K, 98% used [0x00000000fb100000,0x00000000fc44b488,0x00000000fc480000)
  to   space 38912K, 0% used [0x00000000fd580000,0x00000000fd580000,0x00000000ffb80000)
 ParOldGen       total 175104K, used 74894K [0x00000000e0000000, 0x00000000eab00000, 0x00000000f5580000)
  object space 175104K, 42% used [0x00000000e0000000,0x00000000e4923b68,0x00000000eab00000)
 Metaspace       used 86513K, capacity 90516K, committed 90752K, reserved 1128448K
  class space    used 11491K, capacity 12353K, committed 12416K, reserved 1048576K
Event: 6565.161 GC heap after
Heap after GC invocations=23 (full 3):
 PSYoungGen      total 128512K, used 30481K [0x00000000f5580000, 0x00000000fff00000, 0x0000000100000000)
  eden space 89600K, 0% used [0x00000000f5580000,0x00000000f5580000,0x00000000fad00000)
  from space 38912K, 78% used [0x00000000fd580000,0x00000000ff344610,0x00000000ffb80000)
  to   space 41472K, 0% used [0x00000000fad00000,0x00000000fad00000,0x00000000fd580000)
 ParOldGen       total 175104K, used 74902K [0x00000000e0000000, 0x00000000eab00000, 0x00000000f5580000)
  object space 175104K, 42% used [0x00000000e0000000,0x00000000e4925b68,0x00000000eab00000)
 Metaspace       used 86513K, capacity 90516K, committed 90752K, reserved 1128448K
  class space    used 11491K, capacity 12353K, committed 12416K, reserved 1048576K
}
Event: 6566.420 GC heap before
{Heap before GC invocations=24 (full 3):
 PSYoungGen      total 128512K, used 120081K [0x00000000f5580000, 0x00000000fff00000, 0x0000000100000000)
  eden space 89600K, 100% used [0x00000000f5580000,0x00000000fad00000,0x00000000fad00000)
  from space 38912K, 78% used [0x00000000fd580000,0x00000000ff344610,0x00000000ffb80000)
  to   space 41472K, 0% used [0x00000000fad00000,0x00000000fad00000,0x00000000fd580000)
 ParOldGen       total 175104K, used 74902K [0x00000000e0000000, 0x00000000eab00000, 0x00000000f5580000)
  object space 175104K, 42% used [0x00000000e0000000,0x00000000e4925b68,0x00000000eab00000)
 Metaspace       used 86845K, capacity 90916K, committed 91008K, reserved 1128448K
  class space    used 11499K, capacity 12365K, committed 12416K, reserved 1048576K
Event: 6566.502 GC heap after
Heap after GC invocations=24 (full 3):
 PSYoungGen      total 131072K, used 41453K [0x00000000f5580000, 0x0000000100000000, 0x0000000100000000)
  eden space 89600K, 0% used [0x00000000f5580000,0x00000000f5580000,0x00000000fad00000)
  from space 41472K, 99% used [0x00000000fad00000,0x00000000fd57b490,0x00000000fd580000)
  to   space 43520K, 0% used [0x00000000fd580000,0x00000000fd580000,0x0000000100000000)
 ParOldGen       total 175104K, used 86428K [0x00000000e0000000, 0x00000000eab00000, 0x00000000f5580000)
  object space 175104K, 49% used [0x00000000e0000000,0x00000000e5467190,0x00000000eab00000)
 Metaspace       used 86845K, capacity 90916K, committed 91008K, reserved 1128448K
  class space    used 11499K, capacity 12365K, committed 12416K, reserved 1048576K
}

