# JRE version: OpenJDK Runtime Environment (8.0_242-b01) (build 1.8.0_242-release-1644-b01)
# Java VM: OpenJDK 64-Bit Server VM (25.242-b01 mixed mode windows-amd64 compressed oops)
Heap:
 PSYoungGen      total 154624K, used 71009K [0x00000000f5580000, 0x0000000100000000, 0x0000000100000000)
  eden space 137728K, 39% used [0x00000000f5580000,0x00000000f8a5e020,0x00000000fdc00000)
  from space 16896K, 99% used [0x00000000fdc00000,0x00000000fec7a5f8,0x00000000fec80000)
  to   space 19968K, 0% used [0x00000000fec80000,0x00000000fec80000,0x0000000100000000)
 ParOldGen       total 197120K, used 31469K [0x00000000e0000000, 0x00000000ec080000, 0x00000000f5580000)
  object space 197120K, 15% used [0x00000000e0000000,0x00000000e1ebb790,0x00000000ec080000)
 Metaspace       used 63657K, capacity 66218K, committed 66304K, reserved 1105920K
  class space    used 8861K, capacity 9442K, committed 9472K, reserved 1048576K
GC Heap History (10 events):
Event: 7.856 GC heap before
{Heap before GC invocations=10 (full 2):
 PSYoungGen      total 123392K, used 110859K [0x00000000f5580000, 0x0000000100000000, 0x0000000100000000)
  eden space 111104K, 99% used [0x00000000f5580000,0x00000000fc1c2d50,0x00000000fc200000)
  from space 12288K, 0% used [0x00000000fc200000,0x00000000fc200000,0x00000000fce00000)
  to   space 12288K, 0% used [0x00000000ff400000,0x00000000ff400000,0x0000000100000000)
 ParOldGen       total 175104K, used 16606K [0x00000000e0000000, 0x00000000eab00000, 0x00000000f5580000)
  object space 175104K, 9% used [0x00000000e0000000,0x00000000e10379b8,0x00000000eab00000)
 Metaspace       used 44731K, capacity 45930K, committed 46080K, reserved 1089536K
  class space    used 6035K, capacity 6385K, committed 6400K, reserved 1048576K
Event: 7.869 GC heap after
Heap after GC invocations=10 (full 2):
 PSYoungGen      total 157184K, used 12258K [0x00000000f5580000, 0x0000000100000000, 0x0000000100000000)
  eden space 144896K, 0% used [0x00000000f5580000,0x00000000f5580000,0x00000000fe300000)
  from space 12288K, 99% used [0x00000000ff400000,0x00000000ffff8910,0x0000000100000000)
  to   space 14848K, 0% used [0x00000000fe300000,0x00000000fe300000,0x00000000ff180000)
 ParOldGen       total 175104K, used 19642K [0x00000000e0000000, 0x00000000eab00000, 0x00000000f5580000)
  object space 175104K, 11% used [0x00000000e0000000,0x00000000e132e980,0x00000000eab00000)
 Metaspace       used 44731K, capacity 45930K, committed 46080K, reserved 1089536K
  class space    used 6035K, capacity 6385K, committed 6400K, reserved 1048576K
}
Event: 10.832 GC heap before
{Heap before GC invocations=11 (full 2):
 PSYoungGen      total 157184K, used 157154K [0x00000000f5580000, 0x0000000100000000, 0x0000000100000000)
  eden space 144896K, 100% used [0x00000000f5580000,0x00000000fe300000,0x00000000fe300000)
  from space 12288K, 99% used [0x00000000ff400000,0x00000000ffff8910,0x0000000100000000)
  to   space 14848K, 0% used [0x00000000fe300000,0x00000000fe300000,0x00000000ff180000)
 ParOldGen       total 175104K, used 19642K [0x00000000e0000000, 0x00000000eab00000, 0x00000000f5580000)
  object space 175104K, 11% used [0x00000000e0000000,0x00000000e132e980,0x00000000eab00000)
 Metaspace       used 56193K, capacity 58188K, committed 58496K, reserved 1099776K
  class space    used 7739K, capacity 8257K, committed 8320K, reserved 1048576K
Event: 10.858 GC heap after
Heap after GC invocations=11 (full 2):
 PSYoungGen      total 159744K, used 14829K [0x00000000f5580000, 0x0000000100000000, 0x0000000100000000)
  eden space 144896K, 0% used [0x00000000f5580000,0x00000000f5580000,0x00000000fe300000)
  from space 14848K, 99% used [0x00000000fe300000,0x00000000ff17b7a0,0x00000000ff180000)
  to   space 14848K, 0% used [0x00000000ff180000,0x00000000ff180000,0x0000000100000000)
 ParOldGen       total 175104K, used 27407K [0x00000000e0000000, 0x00000000eab00000, 0x00000000f5580000)
  object space 175104K, 15% used [0x00000000e0000000,0x00000000e1ac3d70,0x00000000eab00000)
 Metaspace       used 56193K, capacity 58188K, committed 58496K, reserved 1099776K
  class space    used 7739K, capacity 8257K, committed 8320K, reserved 1048576K
}
Event: 11.136 GC heap before
{Heap before GC invocations=12 (full 2):
 PSYoungGen      total 159744K, used 33808K [0x00000000f5580000, 0x0000000100000000, 0x0000000100000000)
  eden space 144896K, 13% used [0x00000000f5580000,0x00000000f6808b58,0x00000000fe300000)
  from space 14848K, 99% used [0x00000000fe300000,0x00000000ff17b7a0,0x00000000ff180000)
  to   space 14848K, 0% used [0x00000000ff180000,0x00000000ff180000,0x0000000100000000)
 ParOldGen       total 175104K, used 27407K [0x00000000e0000000, 0x00000000eab00000, 0x00000000f5580000)
  object space 175104K, 15% used [0x00000000e0000000,0x00000000e1ac3d70,0x00000000eab00000)
 Metaspace       used 57080K, capacity 59022K, committed 59096K, reserved 1099776K
  class space    used 7881K, capacity 8400K, committed 8448K, reserved 1048576K
Event: 11.160 GC heap after
Heap after GC invocations=12 (full 2):
 PSYoungGen      total 152576K, used 10771K [0x00000000f5580000, 0x0000000100000000, 0x0000000100000000)
  eden space 137728K, 0% used [0x00000000f5580000,0x00000000f5580000,0x00000000fdc00000)
  from space 14848K, 72% used [0x00000000ff180000,0x00000000ffc04eb8,0x0000000100000000)
  to   space 18432K, 0% used [0x00000000fdc00000,0x00000000fdc00000,0x00000000fee00000)
 ParOldGen       total 175104K, used 34102K [0x00000000e0000000, 0x00000000eab00000, 0x00000000f5580000)
  object space 175104K, 19% used [0x00000000e0000000,0x00000000e214db68,0x00000000eab00000)
 Metaspace       used 57080K, capacity 59022K, committed 59096K, reserved 1099776K
  class space    used 7881K, capacity 8400K, committed 8448K, reserved 1048576K
}
Event: 11.160 GC heap before
{Heap before GC invocations=13 (full 3):
 PSYoungGen      total 152576K, used 10771K [0x00000000f5580000, 0x0000000100000000, 0x0000000100000000)
  eden space 137728K, 0% used [0x00000000f5580000,0x00000000f5580000,0x00000000fdc00000)
  from space 14848K, 72% used [0x00000000ff180000,0x00000000ffc04eb8,0x0000000100000000)
  to   space 18432K, 0% used [0x00000000fdc00000,0x00000000fdc00000,0x00000000fee00000)
 ParOldGen       total 175104K, used 34102K [0x00000000e0000000, 0x00000000eab00000, 0x00000000f5580000)
  object space 175104K, 19% used [0x00000000e0000000,0x00000000e214db68,0x00000000eab00000)
 Metaspace       used 57080K, capacity 59022K, committed 59096K, reserved 1099776K
  class space    used 7881K, capacity 8400K, committed 8448K, reserved 1048576K
Event: 11.400 GC heap after
Heap after GC invocations=13 (full 3):
 PSYoungGen      total 152576K, used 0K [0x00000000f5580000, 0x0000000100000000, 0x0000000100000000)
  eden space 137728K, 0% used [0x00000000f5580000,0x00000000f5580000,0x00000000fdc00000)
  from space 14848K, 0% used [0x00000000ff180000,0x00000000ff180000,0x0000000100000000)
  to   space 18432K, 0% used [0x00000000fdc00000,0x00000000fdc00000,0x00000000fee00000)
 ParOldGen       total 197120K, used 31461K [0x00000000e0000000, 0x00000000ec080000, 0x00000000f5580000)
  object space 197120K, 15% used [0x00000000e0000000,0x00000000e1eb9790,0x00000000ec080000)
 Metaspace       used 57075K, capacity 59004K, committed 59096K, reserved 1099776K
  class space    used 7880K, capacity 8397K, committed 8448K, reserved 1048576K
}
Event: 13.232 GC heap before
{Heap before GC invocations=14 (full 3):
 PSYoungGen      total 152576K, used 135935K [0x00000000f5580000, 0x0000000100000000, 0x0000000100000000)
  eden space 137728K, 98% used [0x00000000f5580000,0x00000000fda3fd80,0x00000000fdc00000)
  from space 14848K, 0% used [0x00000000ff180000,0x00000000ff180000,0x0000000100000000)
  to   space 18432K, 0% used [0x00000000fdc00000,0x00000000fdc00000,0x00000000fee00000)
 ParOldGen       total 197120K, used 31461K [0x00000000e0000000, 0x00000000ec080000, 0x00000000f5580000)
  object space 197120K, 15% used [0x00000000e0000000,0x00000000e1eb9790,0x00000000ec080000)
 Metaspace       used 61687K, capacity 64118K, committed 64256K, reserved 1103872K
  class space    used 8520K, capacity 9110K, committed 9216K, reserved 1048576K
Event: 13.241 GC heap after
Heap after GC invocations=14 (full 3):
 PSYoungGen      total 154624K, used 16873K [0x00000000f5580000, 0x0000000100000000, 0x0000000100000000)
  eden space 137728K, 0% used [0x00000000f5580000,0x00000000f5580000,0x00000000fdc00000)
  from space 16896K, 99% used [0x00000000fdc00000,0x00000000fec7a5f8,0x00000000fec80000)
  to   space 19968K, 0% used [0x00000000fec80000,0x00000000fec80000,0x0000000100000000)
 ParOldGen       total 197120K, used 31469K [0x00000000e0000000, 0x00000000ec080000, 0x00000000f5580000)
  object space 197120K, 15% used [0x00000000e0000000,0x00000000e1ebb790,0x00000000ec080000)
 Metaspace       used 61687K, capacity 64118K, committed 64256K, reserved 1103872K
  class space    used 8520K, capacity 9110K, committed 9216K, reserved 1048576K
}

