# JRE version: OpenJDK Runtime Environment (8.0_242-b01) (build 1.8.0_242-release-1644-b01)
# Java VM: OpenJDK 64-Bit Server VM (25.242-b01 mixed mode windows-amd64 compressed oops)
Heap:
 PSYoungGen      total 150528K, used 56646K [0x00000000f5580000, 0x0000000100000000, 0x0000000100000000)
  eden space 135680K, 30% used [0x00000000f5580000,0x00000000f7e6e878,0x00000000fda00000)
  from space 14848K, 99% used [0x00000000fda00000,0x00000000fe8632c8,0x00000000fe880000)
  to   space 19968K, 0% used [0x00000000fec80000,0x00000000fec80000,0x0000000100000000)
 ParOldGen       total 179200K, used 38447K [0x00000000e0000000, 0x00000000eaf00000, 0x00000000f5580000)
  object space 179200K, 21% used [0x00000000e0000000,0x00000000e258bd58,0x00000000eaf00000)
 Metaspace       used 61200K, capacity 63544K, committed 63704K, reserved 1103872K
  class space    used 8370K, capacity 8911K, committed 8960K, reserved 1048576K
GC Heap History (10 events):
Event: 6.469 GC heap before
{Heap before GC invocations=10 (full 2):
 PSYoungGen      total 127488K, used 115200K [0x00000000f5580000, 0x0000000100000000, 0x0000000100000000)
  eden space 115200K, 100% used [0x00000000f5580000,0x00000000fc600000,0x00000000fc600000)
  from space 12288K, 0% used [0x00000000fc600000,0x00000000fc600000,0x00000000fd200000)
  to   space 12800K, 0% used [0x00000000ff380000,0x00000000ff380000,0x0000000100000000)
 ParOldGen       total 175104K, used 17700K [0x00000000e0000000, 0x00000000eab00000, 0x00000000f5580000)
  object space 175104K, 10% used [0x00000000e0000000,0x00000000e1149398,0x00000000eab00000)
 Metaspace       used 45460K, capacity 46614K, committed 46976K, reserved 1089536K
  class space    used 6106K, capacity 6411K, committed 6528K, reserved 1048576K
Event: 6.482 GC heap after
Heap after GC invocations=10 (full 2):
 PSYoungGen      total 157696K, used 12798K [0x00000000f5580000, 0x0000000100000000, 0x0000000100000000)
  eden space 144896K, 0% used [0x00000000f5580000,0x00000000f5580000,0x00000000fe300000)
  from space 12800K, 99% used [0x00000000ff380000,0x00000000fffff978,0x0000000100000000)
  to   space 14848K, 0% used [0x00000000fe300000,0x00000000fe300000,0x00000000ff180000)
 ParOldGen       total 175104K, used 19510K [0x00000000e0000000, 0x00000000eab00000, 0x00000000f5580000)
  object space 175104K, 11% used [0x00000000e0000000,0x00000000e130d888,0x00000000eab00000)
 Metaspace       used 45460K, capacity 46614K, committed 46976K, reserved 1089536K
  class space    used 6106K, capacity 6411K, committed 6528K, reserved 1048576K
}
Event: 8.295 GC heap before
{Heap before GC invocations=11 (full 2):
 PSYoungGen      total 157696K, used 157694K [0x00000000f5580000, 0x0000000100000000, 0x0000000100000000)
  eden space 144896K, 100% used [0x00000000f5580000,0x00000000fe300000,0x00000000fe300000)
  from space 12800K, 99% used [0x00000000ff380000,0x00000000fffff978,0x0000000100000000)
  to   space 14848K, 0% used [0x00000000fe300000,0x00000000fe300000,0x00000000ff180000)
 ParOldGen       total 175104K, used 19510K [0x00000000e0000000, 0x00000000eab00000, 0x00000000f5580000)
  object space 175104K, 11% used [0x00000000e0000000,0x00000000e130d888,0x00000000eab00000)
 Metaspace       used 56768K, capacity 58724K, committed 58880K, reserved 1099776K
  class space    used 7829K, capacity 8331K, committed 8448K, reserved 1048576K
Event: 8.317 GC heap after
Heap after GC invocations=11 (full 2):
 PSYoungGen      total 159744K, used 14829K [0x00000000f5580000, 0x0000000100000000, 0x0000000100000000)
  eden space 144896K, 0% used [0x00000000f5580000,0x00000000f5580000,0x00000000fe300000)
  from space 14848K, 99% used [0x00000000fe300000,0x00000000ff17b7d0,0x00000000ff180000)
  to   space 14848K, 0% used [0x00000000ff180000,0x00000000ff180000,0x0000000100000000)
 ParOldGen       total 175104K, used 28121K [0x00000000e0000000, 0x00000000eab00000, 0x00000000f5580000)
  object space 175104K, 16% used [0x00000000e0000000,0x00000000e1b76680,0x00000000eab00000)
 Metaspace       used 56768K, capacity 58724K, committed 58880K, reserved 1099776K
  class space    used 7829K, capacity 8331K, committed 8448K, reserved 1048576K
}
Event: 8.354 GC heap before
{Heap before GC invocations=12 (full 2):
 PSYoungGen      total 159744K, used 18344K [0x00000000f5580000, 0x0000000100000000, 0x0000000100000000)
  eden space 144896K, 2% used [0x00000000f5580000,0x00000000f58eebf0,0x00000000fe300000)
  from space 14848K, 99% used [0x00000000fe300000,0x00000000ff17b7d0,0x00000000ff180000)
  to   space 14848K, 0% used [0x00000000ff180000,0x00000000ff180000,0x0000000100000000)
 ParOldGen       total 175104K, used 28121K [0x00000000e0000000, 0x00000000eab00000, 0x00000000f5580000)
  object space 175104K, 16% used [0x00000000e0000000,0x00000000e1b76680,0x00000000eab00000)
 Metaspace       used 57106K, capacity 59026K, committed 59096K, reserved 1099776K
  class space    used 7889K, capacity 8378K, committed 8448K, reserved 1048576K
Event: 8.368 GC heap after
Heap after GC invocations=12 (full 2):
 PSYoungGen      total 150528K, used 9286K [0x00000000f5580000, 0x0000000100000000, 0x0000000100000000)
  eden space 135680K, 0% used [0x00000000f5580000,0x00000000f5580000,0x00000000fda00000)
  from space 14848K, 62% used [0x00000000ff180000,0x00000000ffa91820,0x0000000100000000)
  to   space 19456K, 0% used [0x00000000fda00000,0x00000000fda00000,0x00000000fed00000)
 ParOldGen       total 175104K, used 34329K [0x00000000e0000000, 0x00000000eab00000, 0x00000000f5580000)
  object space 175104K, 19% used [0x00000000e0000000,0x00000000e21866c8,0x00000000eab00000)
 Metaspace       used 57106K, capacity 59026K, committed 59096K, reserved 1099776K
  class space    used 7889K, capacity 8378K, committed 8448K, reserved 1048576K
}
Event: 8.368 GC heap before
{Heap before GC invocations=13 (full 3):
 PSYoungGen      total 150528K, used 9286K [0x00000000f5580000, 0x0000000100000000, 0x0000000100000000)
  eden space 135680K, 0% used [0x00000000f5580000,0x00000000f5580000,0x00000000fda00000)
  from space 14848K, 62% used [0x00000000ff180000,0x00000000ffa91820,0x0000000100000000)
  to   space 19456K, 0% used [0x00000000fda00000,0x00000000fda00000,0x00000000fed00000)
 ParOldGen       total 175104K, used 34329K [0x00000000e0000000, 0x00000000eab00000, 0x00000000f5580000)
  object space 175104K, 19% used [0x00000000e0000000,0x00000000e21866c8,0x00000000eab00000)
 Metaspace       used 57106K, capacity 59026K, committed 59096K, reserved 1099776K
  class space    used 7889K, capacity 8378K, committed 8448K, reserved 1048576K
Event: 8.562 GC heap after
Heap after GC invocations=13 (full 3):
 PSYoungGen      total 150528K, used 0K [0x00000000f5580000, 0x0000000100000000, 0x0000000100000000)
  eden space 135680K, 0% used [0x00000000f5580000,0x00000000f5580000,0x00000000fda00000)
  from space 14848K, 0% used [0x00000000ff180000,0x00000000ff180000,0x0000000100000000)
  to   space 19456K, 0% used [0x00000000fda00000,0x00000000fda00000,0x00000000fed00000)
 ParOldGen       total 179200K, used 38439K [0x00000000e0000000, 0x00000000eaf00000, 0x00000000f5580000)
  object space 179200K, 21% used [0x00000000e0000000,0x00000000e2589d58,0x00000000eaf00000)
 Metaspace       used 57106K, capacity 59026K, committed 59096K, reserved 1099776K
  class space    used 7889K, capacity 8378K, committed 8448K, reserved 1048576K
}
Event: 13.515 GC heap before
{Heap before GC invocations=14 (full 3):
 PSYoungGen      total 150528K, used 135680K [0x00000000f5580000, 0x0000000100000000, 0x0000000100000000)
  eden space 135680K, 100% used [0x00000000f5580000,0x00000000fda00000,0x00000000fda00000)
  from space 14848K, 0% used [0x00000000ff180000,0x00000000ff180000,0x0000000100000000)
  to   space 19456K, 0% used [0x00000000fda00000,0x00000000fda00000,0x00000000fed00000)
 ParOldGen       total 179200K, used 38439K [0x00000000e0000000, 0x00000000eaf00000, 0x00000000f5580000)
  object space 179200K, 21% used [0x00000000e0000000,0x00000000e2589d58,0x00000000eaf00000)
 Metaspace       used 60527K, capacity 62874K, committed 63192K, reserved 1103872K
  class space    used 8307K, capacity 8858K, committed 8960K, reserved 1048576K
Event: 13.525 GC heap after
Heap after GC invocations=14 (full 3):
 PSYoungGen      total 150528K, used 14732K [0x00000000f5580000, 0x0000000100000000, 0x0000000100000000)
  eden space 135680K, 0% used [0x00000000f5580000,0x00000000f5580000,0x00000000fda00000)
  from space 14848K, 99% used [0x00000000fda00000,0x00000000fe8632c8,0x00000000fe880000)
  to   space 19968K, 0% used [0x00000000fec80000,0x00000000fec80000,0x0000000100000000)
 ParOldGen       total 179200K, used 38447K [0x00000000e0000000, 0x00000000eaf00000, 0x00000000f5580000)
  object space 179200K, 21% used [0x00000000e0000000,0x00000000e258bd58,0x00000000eaf00000)
 Metaspace       used 60527K, capacity 62874K, committed 63192K, reserved 1103872K
  class space    used 8307K, capacity 8858K, committed 8960K, reserved 1048576K
}

